Determining if the pthread_create exist failed with the following output:
Change Dir: /home/dada/MPCC_FEB/Final_Project_v1/catkin_ws/src/bound_est/build/CMakeFiles/CMakeTmp

Run Build Command:"/usr/bin/make" "cmTC_5d997/fast"
/usr/bin/make -f CMakeFiles/cmTC_5d997.dir/build.make CMakeFiles/cmTC_5d997.dir/build
make[1]: Entering directory '/home/dada/MPCC_FEB/Final_Project_v1/catkin_ws/src/bound_est/build/CMakeFiles/CMakeTmp'
Building C object CMakeFiles/cmTC_5d997.dir/CheckSymbolExists.c.o
/usr/bin/gcc-7    -o CMakeFiles/cmTC_5d997.dir/CheckSymbolExists.c.o   -c /home/dada/MPCC_FEB/Final_Project_v1/catkin_ws/src/bound_est/build/CMakeFiles/CMakeTmp/CheckSymbolExists.c
Linking C executable cmTC_5d997
/usr/bin/cmake -E cmake_link_script CMakeFiles/cmTC_5d997.dir/link.txt --verbose=1
/usr/bin/gcc-7      -rdynamic CMakeFiles/cmTC_5d997.dir/CheckSymbolExists.c.o  -o cmTC_5d997 
CMakeFiles/cmTC_5d997.dir/CheckSymbolExists.c.o: In function `main':
CheckSymbolExists.c:(.text+0x1b): undefined reference to `pthread_create'
collect2: error: ld returned 1 exit status
CMakeFiles/cmTC_5d997.dir/build.make:97: recipe for target 'cmTC_5d997' failed
make[1]: *** [cmTC_5d997] Error 1
make[1]: Leaving directory '/home/dada/MPCC_FEB/Final_Project_v1/catkin_ws/src/bound_est/build/CMakeFiles/CMakeTmp'
Makefile:126: recipe for target 'cmTC_5d997/fast' failed
make: *** [cmTC_5d997/fast] Error 2

File /home/dada/MPCC_FEB/Final_Project_v1/catkin_ws/src/bound_est/build/CMakeFiles/CMakeTmp/CheckSymbolExists.c:
/* */
#include <pthread.h>

int main(int argc, char** argv)
{
  (void)argv;
#ifndef pthread_create
  return ((int*)(&pthread_create))[argc];
#else
  (void)argc;
  return 0;
#endif
}

Determining if the function pthread_create exists in the pthreads failed with the following output:
Change Dir: /home/dada/MPCC_FEB/Final_Project_v1/catkin_ws/src/bound_est/build/CMakeFiles/CMakeTmp

Run Build Command:"/usr/bin/make" "cmTC_7572f/fast"
/usr/bin/make -f CMakeFiles/cmTC_7572f.dir/build.make CMakeFiles/cmTC_7572f.dir/build
make[1]: Entering directory '/home/dada/MPCC_FEB/Final_Project_v1/catkin_ws/src/bound_est/build/CMakeFiles/CMakeTmp'
Building C object CMakeFiles/cmTC_7572f.dir/CheckFunctionExists.c.o
/usr/bin/gcc-7   -DCHECK_FUNCTION_EXISTS=pthread_create   -o CMakeFiles/cmTC_7572f.dir/CheckFunctionExists.c.o   -c /usr/share/cmake-3.10/Modules/CheckFunctionExists.c
Linking C executable cmTC_7572f
/usr/bin/cmake -E cmake_link_script CMakeFiles/cmTC_7572f.dir/link.txt --verbose=1
/usr/bin/gcc-7  -DCHECK_FUNCTION_EXISTS=pthread_create    -rdynamic CMakeFiles/cmTC_7572f.dir/CheckFunctionExists.c.o  -o cmTC_7572f -lpthreads 
/usr/bin/ld: cannot find -lpthreads
collect2: error: ld returned 1 exit status
CMakeFiles/cmTC_7572f.dir/build.make:97: recipe for target 'cmTC_7572f' failed
make[1]: *** [cmTC_7572f] Error 1
make[1]: Leaving directory '/home/dada/MPCC_FEB/Final_Project_v1/catkin_ws/src/bound_est/build/CMakeFiles/CMakeTmp'
Makefile:126: recipe for target 'cmTC_7572f/fast' failed
make: *** [cmTC_7572f/fast] Error 2


