Determining if the pthread_create exist failed with the following output:
Change Dir: /home/dm501/MPCC_FEB/Final_Project_v1/catkin_ws/build/CMakeFiles/CMakeTmp

Run Build Command:"/usr/bin/make" "cmTC_29701/fast"
/usr/bin/make -f CMakeFiles/cmTC_29701.dir/build.make CMakeFiles/cmTC_29701.dir/build
make[1]: Entering directory '/home/dm501/MPCC_FEB/Final_Project_v1/catkin_ws/build/CMakeFiles/CMakeTmp'
Building C object CMakeFiles/cmTC_29701.dir/CheckSymbolExists.c.o
/usr/bin/cc    -o CMakeFiles/cmTC_29701.dir/CheckSymbolExists.c.o   -c /home/dm501/MPCC_FEB/Final_Project_v1/catkin_ws/build/CMakeFiles/CMakeTmp/CheckSymbolExists.c
Linking C executable cmTC_29701
/usr/bin/cmake -E cmake_link_script CMakeFiles/cmTC_29701.dir/link.txt --verbose=1
/usr/bin/cc      -rdynamic CMakeFiles/cmTC_29701.dir/CheckSymbolExists.c.o  -o cmTC_29701 
CMakeFiles/cmTC_29701.dir/CheckSymbolExists.c.o: In function `main':
CheckSymbolExists.c:(.text+0x1b): undefined reference to `pthread_create'
collect2: error: ld returned 1 exit status
CMakeFiles/cmTC_29701.dir/build.make:97: recipe for target 'cmTC_29701' failed
make[1]: *** [cmTC_29701] Error 1
make[1]: Leaving directory '/home/dm501/MPCC_FEB/Final_Project_v1/catkin_ws/build/CMakeFiles/CMakeTmp'
Makefile:126: recipe for target 'cmTC_29701/fast' failed
make: *** [cmTC_29701/fast] Error 2

File /home/dm501/MPCC_FEB/Final_Project_v1/catkin_ws/build/CMakeFiles/CMakeTmp/CheckSymbolExists.c:
/* */
#include <pthread.h>

int main(int argc, char** argv)
{
  (void)argv;
#ifndef pthread_create
  return ((int*)(&pthread_create))[argc];
#else
  (void)argc;
  return 0;
#endif
}

Determining if the function pthread_create exists in the pthreads failed with the following output:
Change Dir: /home/dm501/MPCC_FEB/Final_Project_v1/catkin_ws/build/CMakeFiles/CMakeTmp

Run Build Command:"/usr/bin/make" "cmTC_d3475/fast"
/usr/bin/make -f CMakeFiles/cmTC_d3475.dir/build.make CMakeFiles/cmTC_d3475.dir/build
make[1]: Entering directory '/home/dm501/MPCC_FEB/Final_Project_v1/catkin_ws/build/CMakeFiles/CMakeTmp'
Building C object CMakeFiles/cmTC_d3475.dir/CheckFunctionExists.c.o
/usr/bin/cc   -DCHECK_FUNCTION_EXISTS=pthread_create   -o CMakeFiles/cmTC_d3475.dir/CheckFunctionExists.c.o   -c /usr/share/cmake-3.10/Modules/CheckFunctionExists.c
Linking C executable cmTC_d3475
/usr/bin/cmake -E cmake_link_script CMakeFiles/cmTC_d3475.dir/link.txt --verbose=1
/usr/bin/cc  -DCHECK_FUNCTION_EXISTS=pthread_create    -rdynamic CMakeFiles/cmTC_d3475.dir/CheckFunctionExists.c.o  -o cmTC_d3475 -lpthreads 
/usr/bin/ld: cannot find -lpthreads
collect2: error: ld returned 1 exit status
CMakeFiles/cmTC_d3475.dir/build.make:97: recipe for target 'cmTC_d3475' failed
make[1]: *** [cmTC_d3475] Error 1
make[1]: Leaving directory '/home/dm501/MPCC_FEB/Final_Project_v1/catkin_ws/build/CMakeFiles/CMakeTmp'
Makefile:126: recipe for target 'cmTC_d3475/fast' failed
make: *** [cmTC_d3475/fast] Error 2


Performing C SOURCE FILE Test CMAKE_HAVE_LIBC_PTHREAD failed with the following output:
Change Dir: /home/dm501/MPCC_FEB/Final_Project_v1/catkin_ws/build/CMakeFiles/CMakeTmp

Run Build Command(s):/usr/bin/make cmTC_b629f/fast && /usr/bin/make -f CMakeFiles/cmTC_b629f.dir/build.make CMakeFiles/cmTC_b629f.dir/build
make[1]: Entering directory '/home/dm501/MPCC_FEB/Final_Project_v1/catkin_ws/build/CMakeFiles/CMakeTmp'
Building C object CMakeFiles/cmTC_b629f.dir/src.c.o
/usr/bin/cc   -DCMAKE_HAVE_LIBC_PTHREAD   -o CMakeFiles/cmTC_b629f.dir/src.c.o   -c /home/dm501/MPCC_FEB/Final_Project_v1/catkin_ws/build/CMakeFiles/CMakeTmp/src.c
Linking C executable cmTC_b629f
/opt/cmake-3.17.0-rc1-Linux-x86_64/bin/cmake -E cmake_link_script CMakeFiles/cmTC_b629f.dir/link.txt --verbose=1
/usr/bin/cc  -DCMAKE_HAVE_LIBC_PTHREAD    -rdynamic CMakeFiles/cmTC_b629f.dir/src.c.o  -o cmTC_b629f 
CMakeFiles/cmTC_b629f.dir/src.c.o: In function `main':
src.c:(.text+0x3e): undefined reference to `pthread_create'
src.c:(.text+0x4a): undefined reference to `pthread_detach'
src.c:(.text+0x56): undefined reference to `pthread_cancel'
src.c:(.text+0x67): undefined reference to `pthread_join'
src.c:(.text+0x7b): undefined reference to `pthread_atfork'
collect2: error: ld returned 1 exit status
CMakeFiles/cmTC_b629f.dir/build.make:103: recipe for target 'cmTC_b629f' failed
make[1]: *** [cmTC_b629f] Error 1
make[1]: Leaving directory '/home/dm501/MPCC_FEB/Final_Project_v1/catkin_ws/build/CMakeFiles/CMakeTmp'
Makefile:138: recipe for target 'cmTC_b629f/fast' failed
make: *** [cmTC_b629f/fast] Error 2


Source file was:
#include <pthread.h>

void* test_func(void* data)
{
  return data;
}

int main(void)
{
  pthread_t thread;
  pthread_create(&thread, NULL, test_func, NULL);
  pthread_detach(thread);
  pthread_cancel(thread);
  pthread_join(thread, NULL);
  pthread_atfork(NULL, NULL, NULL);
  pthread_exit(NULL);

  return 0;
}

